24/Jul/2020:00:01:02 +0000 [504597 -> GET /libs/granite/csrf/token.json HTTP/1.1
24/Jul/2020:00:01:02 +0000 [504597 <- 200 application/json 3ms
24/Jul/2020:00:06:02 +0000 [50469] -> GET /libs/granite/csrf/token.json HTTP/1.1
24/Jul/2020:00:06:02 +0000 [50469] <- 200 application/json 3ms
24/Jul/2020:00:11:02 +0000 [50470] -> GET /libs/granite/csrf/token.json HTTP/1.1
24/Jul/2020:00:11:02 +0000 [50470] <- 200 application/json 4ms
24/Jul/2020:00:16:02 +0000 [50471] -> GET /libs/granite/csrf/token.json HTTP/1.1
24/Jul/2020:00:16:02 +0000 [50471] <- 200 application/json 3ms
24/Jul/2020:00:21:02 +0000 [50472] -> GET /libs/granite/csrf/token.json HTTP/1.1
24/Jul/2020:00:21:02 +0000 [50472] <- 200 application/json 4ms
24/Jul/2020:00:26:02 +0000 [50473] -> GET /libs/granite/csrf/token.json HTTP/1.1
24/Jul/2020:00:26:02 +0000 [50473] <- 200 application/json 3ms
24/Jul/2020:00:31:02 +0000 [50474] -> GET /libs/granite/csrf/token.json HTTP/1.1
24/Jul/2020:00:31:02 +0000 [50474] <- 200 application/json 3ms
24/Jul/2020:00:31:19 +0000 [50475] -> GET /etc/replication/agents.author.2.json HTTP/1.1
24/Jul/2020:00:31:19 +0000 [50475] <- 200 application/json 4ms
24/Jul/2020:00:31:19 +0000 [50476] -> GET /etc/replication/agents.author/publish1uswest1/jcr:content.queue.json HTTP/1.1
24/Jul/2020:00:31:19 +0000 [50476] <- 200 text/html;charset=utf-8 5ms
24/Jul/2020:00:31:19 +0000 [50477] -> GET /etc/replication/agents.author/publish1uswest1.test.html HTTP/1.1
24/Jul/2020:00:31:19 +0000 [50477] <- 200 text/html;charset=utf-8 33ms
24/Jul/2020:00:36:02 +0000 [50478] -> GET /libs/granite/csrf/token.json HTTP/1.1
24/Jul/2020:00:36:02 +0000 [50478] <- 200 application/json 3ms
24/Jul/2020:00:41:02 +0000 [50479] -> GET /libs/granite/csrf/token.json HTTP/1.1
24/Jul/2020:00:41:02 +0000 [50479] <- 200 application/json 3ms
24/Jul/2020:00:46:02 +0000 [50480] -> GET /libs/granite/csrf/token.json HTTP/1.1
24/Jul/2020:00:46:02 +0000 [50480] <- 200 application/json 3ms
24/Jul/2020:00:51:02 +0000 [50481] -> GET /libs/granite/csrf/token.json HTTP/1.1
24/Jul/2020:00:51:02 +0000 [50481] <- 200 application/json 4ms
24/Jul/2020:00:56:02 +0000 [50482] -> GET /libs/granite/csrf/token.json HTTP/1.1
24/Jul/2020:00:56:02 +0000 [50482] <- 200 application/json 3ms
24/Jul/2020:01:01:02 +0000 [50483] -> GET /libs/granite/csrf/token.json HTTP/1.1
24/Jul/2020:01:01:02 +0000 [50483] <- 200 application/json 4ms
24/Jul/2020:01:06:02 +0000 [50484] -> GET /libs/granite/csrf/token.json HTTP/1.1
24/Jul/2020:01:06:02 +0000 [50484] <- 200 application/json 3ms
24/Jul/2020:01:11:02 +0000 [50485] -> GET /libs/granite/csrf/token.json HTTP/1.1
24/Jul/2020:01:11:02 +0000 [50485] <- 200 application/json 3ms
24/Jul/2020:01:16:02 +0000 [50486] -> GET /libs/granite/csrf/token.json HTTP/1.1
24/Jul/2020:01:16:02 +0000 [50486] <- 200 application/json 3ms
24/Jul/2020:01:21:02 +0000 [50487] -> GET /libs/granite/csrf/token.json HTTP/1.1
24/Jul/2020:01:21:02 +0000 [50487] <- 200 application/json 3ms
24/Jul/2020:01:26:02 +0000 [50488] -> GET /libs/granite/csrf/token.json HTTP/1.1
24/Jul/2020:01:26:02 +0000 [50488] <- 200 application/json 4ms
24/Jul/2020:01:30:23 +0000 [50489] -> POST /libs/akamai/cacheflushreplication.json HTTP/1.1
24/Jul/2020:01:30:23 +0000 [50489] <- 200 application/json 15ms
24/Jul/2020:01:30:29 +0000 [50490] -> POST /libs/akamai/cacheflushreplication.json HTTP/1.1
24/Jul/2020:01:30:29 +0000 [50490] <- 200 application/json 10ms
24/Jul/2020:01:30:36 +0000 [50491] -> POST /libs/akamai/cacheflushreplication.json HTTP/1.1
24/Jul/2020:01:30:36 +0000 [50491] <- 200 application/json 16ms
24/Jul/2020:01:30:44 +0000 [50492] -> POST /libs/akamai/cacheflushreplication.json HTTP/1.1
24/Jul/2020:01:30:44 +0000 [50492] <- 200 application/json 7ms
24/Jul/2020:01:30:52 +0000 [50493] -> POST /libs/akamai/cacheflushreplication.json HTTP/1.1
24/Jul/2020:01:30:52 +0000 [50493] <- 200 application/json 12ms
24/Jul/2020:01:30:59 +0000 [50494] -> POST /libs/akamai/cacheflushreplication.json HTTP/1.1
24/Jul/2020:01:30:59 +0000 [50494] <- 200 application/json 8ms
24/Jul/2020:01:31:02 +0000 [50495] -> GET /libs/granite/csrf/token.json HTTP/1.1
24/Jul/2020:01:31:02 +0000 [50495] <- 200 application/json 6ms
24/Jul/2020:01:31:07 +0000 [50496] -> POST /libs/akamai/cacheflushreplication.json HTTP/1.1
24/Jul/2020:01:31:07 +0000 [50496] <- 200 application/json 12ms
24/Jul/2020:01:31:12 +0000 [50497] -> GET /etc/replication/agents.author.2.json HTTP/1.1
24/Jul/2020:01:31:12 +0000 [50497] <- 200 application/json 8ms
24/Jul/2020:01:31:12 +0000 [50498] -> GET /etc/replication/agents.author/publish1uswest1/jcr:content.queue.json HTTP/1.1
24/Jul/2020:01:31:12 +0000 [50498] <- 200 text/html;charset=utf-8 6ms
24/Jul/2020:01:31:12 +0000 [50499] -> GET /etc/replication/agents.author/publish1uswest1.test.html HTTP/1.1
24/Jul/2020:01:31:13 +0000 [50499] <- 200 text/html;charset=utf-8 14ms
24/Jul/2020:01:31:13 +0000 [50500] -> POST /libs/akamai/cacheflushreplication.json HTTP/1.1
24/Jul/2020:01:31:13 +0000 [50500] <- 200 application/json 7ms
24/Jul/2020:01:31:21 +0000 [50501] -> POST /libs/akamai/cacheflushreplication.json HTTP/1.1
24/Jul/2020:01:31:21 +0000 [50501] <- 200 application/json 11ms
24/Jul/2020:01:31:32 +0000 [50502] -> POST /libs/akamai/cacheflushreplication.json HTTP/1.1
24/Jul/2020:01:31:32 +0000 [50502] <- 200 application/json 21ms
24/Jul/2020:01:31:36 +0000 [50503] -> POST /libs/akamai/cacheflushreplication.json HTTP/1.1
24/Jul/2020:01:31:36 +0000 [50503] <- 200 application/json 9ms
24/Jul/2020:01:31:44 +0000 [50504] -> POST /libs/akamai/cacheflushreplication.json HTTP/1.1
24/Jul/2020:01:31:44 +0000 [50504] <- 200 application/json 20ms
24/Jul/2020:01:31:50 +0000 [50505] -> POST /libs/akamai/cacheflushreplication.json HTTP/1.1
24/Jul/2020:01:31:50 +0000 [50505] <- 200 application/json 16ms
24/Jul/2020:01:31:57 +0000 [50506] -> POST /libs/akamai/cacheflushreplication.json HTTP/1.1
24/Jul/2020:01:31:57 +0000 [50506] <- 200 application/json 8ms
24/Jul/2020:01:32:02 +0000 [50507] -> POST /libs/akamai/cacheflushreplication.json HTTP/1.1
24/Jul/2020:01:32:02 +0000 [50507] <- 200 application/json 10ms
24/Jul/2020:01:32:09 +0000 [50508] -> POST /libs/akamai/cacheflushreplication.json HTTP/1.1
24/Jul/2020:01:32:09 +0000 [50508] <- 200 application/json 8ms
24/Jul/2020:01:32:16 +0000 [50509] -> POST /libs/akamai/cacheflushreplication.json HTTP/1.1
24/Jul/2020:01:32:16 +0000 [50509] <- 200 application/json 9ms
24/Jul/2020:01:32:27 +0000 [50510] -> POST /libs/akamai/cacheflushreplication.json HTTP/1.1
24/Jul/2020:01:32:27 +0000 [50510] <- 200 application/json 8ms
24/Jul/2020:01:32:32 +0000 [50511] -> POST /libs/akamai/cacheflushreplication.json HTTP/1.1
24/Jul/2020:01:32:32 +0000 [50511] <- 200 application/json 29ms
24/Jul/2020:01:32:39 +0000 [50512] -> POST /libs/akamai/cacheflushreplication.json HTTP/1.1
24/Jul/2020:01:32:39 +0000 [50512] <- 200 application/json 9ms
24/Jul/2020:01:32:49 +0000 [50513] -> POST /libs/akamai/cacheflushreplication.json HTTP/1.1
24/Jul/2020:01:32:49 +0000 [50513] <- 200 application/json 8ms
24/Jul/2020:01:32:56 +0000 [50514] -> POST /libs/akamai/cacheflushreplication.json HTTP/1.1
24/Jul/2020:01:32:56 +0000 [50514] <- 200 application/json 9ms
24/Jul/2020:01:33:05 +0000 [50515] -> POST /libs/akamai/cacheflushreplication.json HTTP/1.1
24/Jul/2020:01:33:05 +0000 [50515] <- 200 application/json 10ms
24/Jul/2020:01:33:10 +0000 [50516] -> POST /libs/akamai/cacheflushreplication.json HTTP/1.1
24/Jul/2020:01:33:10 +0000 [50516] <- 200 application/json 8ms
24/Jul/2020:01:33:19 +0000 [50517] -> POST /libs/akamai/cacheflushreplication.json HTTP/1.1
24/Jul/2020:01:33:19 +0000 [50517] <- 200 application/json 8ms
24/Jul/2020:01:33:24 +0000 [50518] -> POST /libs/akamai/cacheflushreplication.json HTTP/1.1
24/Jul/2020:01:33:24 +0000 [50518] <- 200 application/json 12ms
24/Jul/2020:01:33:30 +0000 [50519] -> POST /libs/akamai/cacheflushreplication.json HTTP/1.1
24/Jul/2020:01:33:30 +0000 [50519] <- 200 application/json 9ms
24/Jul/2020:01:33:36 +0000 [50520] -> POST /libs/akamai/cacheflushreplication.json HTTP/1.1
24/Jul/2020:01:33:36 +0000 [50520] <- 200 application/json 21ms
24/Jul/2020:01:33:45 +0000 [50521] -> POST /libs/akamai/cacheflushreplication.json HTTP/1.1
24/Jul/2020:01:33:45 +0000 [50521] <- 200 application/json 24ms
24/Jul/2020:01:33:11+0000 [50522] -> POST /libs/akamai/cacheflushreplication.json HTTP/1.1
24/Jul/2020:01:33:11+0000 [50522] <- 200 application/json 22ms
24/Jul/2020:01:33:57 +0000 [50523] -> POST /libs/akamai/cacheflushreplication.json HTTP/1.1
24/Jul/2020:01:33:57 +0000 [50523] <- 200 application/json 9ms
24/Jul/2020:01:34:07 +0000 [50524] -> POST /libs/akamai/cacheflushreplication.json HTTP/1.1
24/Jul/2020:01:34:07 +0000 [50524] <- 200 application/json 21ms
24/Jul/2020:01:34:14 +0000 [50525] -> POST /libs/akamai/cacheflushreplication.json HTTP/1.1
24/Jul/2020:01:34:14 +0000 [50525] <- 200 application/json 11ms
24/Jul/2020:01:34:21 +0000 [50526] -> POST /libs/akamai/cacheflushreplication.json HTTP/1.1
24/Jul/2020:01:34:21 +0000 [50526] <- 200 application/json 20ms
24/Jul/2020:01:34:31 +0000 [50527] -> POST /libs/akamai/cacheflushreplication.json HTTP/1.1
24/Jul/2020:01:34:31 +0000 [50527] <- 200 application/json 10ms
24/Jul/2020:01:34:35 +0000 [50528] -> POST /libs/akamai/cacheflushreplication.json HTTP/1.1
24/Jul/2020:01:34:35 +0000 [50528] <- 200 application/json 20ms
24/Jul/2020:01:34:45 +0000 [50529] -> POST /libs/akamai/cacheflushreplication.json HTTP/1.1
24/Jul/2020:01:34:45 +0000 [50529] <- 200 application/json 8ms
24/Jul/2020:01:34:52 +0000 [50530] -> POST /libs/akamai/cacheflushreplication.json HTTP/1.1
24/Jul/2020:01:34:52 +0000 [50530] <- 200 application/json 13ms
24/Jul/2020:01:35:00 +0000 [50531] -> POST /libs/akamai/cacheflushreplication.json HTTP/1.1
24/Jul/2020:01:35:00 +0000 [50531] <- 200 application/json 14ms
24/Jul/2020:01:35:08 +0000 [50532] -> POST /libs/akamai/cacheflushreplication.json HTTP/1.1
24/Jul/2020:01:35:08 +0000 [50532] <- 200 application/json 19ms
24/Jul/2020:01:35:15 +0000 [50533] -> POST /libs/akamai/cacheflushreplication.json HTTP/1.1
24/Jul/2020:01:35:15 +0000 [50533] <- 200 application/json 8ms
24/Jul/2020:01:35:24 +0000 [50534] -> POST /libs/akamai/cacheflushreplication.json HTTP/1.1
24/Jul/2020:01:35:24 +0000 [50534] <- 200 application/json 9ms
24/Jul/2020:01:35:34 +0000 [50535] -> POST /libs/akamai/cacheflushreplication.json HTTP/1.1
24/Jul/2020:01:35:34 +0000 [50535] <- 200 application/json 20ms
24/Jul/2020:01:35:40 +0000 [50536] -> POST /libs/akamai/cacheflushreplication.json HTTP/1.1
24/Jul/2020:01:35:40 +0000 [50536] <- 200 application/json 11ms
24/Jul/2020:01:35:48 +0000 [50537] -> POST /libs/akamai/cacheflushreplication.json HTTP/1.1
24/Jul/2020:01:35:48 +0000 [50537] <- 200 application/json 19ms
24/Jul/2020:01:35:56 +0000 [50538] -> POST /libs/akamai/cacheflushreplication.json HTTP/1.1
24/Jul/2020:01:35:56 +0000 [50538] <- 200 application/json 8ms
24/Jul/2020:01:36:03 +0000 [50539] -> GET /libs/granite/csrf/token.json HTTP/1.1
24/Jul/2020:01:36:03 +0000 [50539] <- 200 application/json 3ms
24/Jul/2020:01:36:07 +0000 [50540] -> POST /libs/akamai/cacheflushreplication.json HTTP/1.1
24/Jul/2020:01:36:07 +0000 [50540] <- 200 application/json 22ms
24/Jul/2020:01:36:15 +0000 [50541] -> POST /libs/akamai/cacheflushreplication.json HTTP/1.1
24/Jul/2020:01:36:15 +0000 [50541] <- 200 application/json 16ms
24/Jul/2020:01:36:24 +0000 [50542] -> POST /libs/akamai/cacheflushreplication.json HTTP/1.1
24/Jul/2020:01:36:24 +0000 [50542] <- 200 application/json 26ms
24/Jul/2020:01:36:31 +0000 [50543] -> POST /libs/akamai/cacheflushreplication.json HTTP/1.1
24/Jul/2020:01:36:31 +0000 [50543] <- 200 application/json 14ms
24/Jul/2020:01:36:39 +0000 [50544] -> POST /libs/akamai/cacheflushreplication.json HTTP/1.1
24/Jul/2020:01:36:39 +0000 [50544] <- 200 application/json 15ms
24/Jul/2020:01:41:02 +0000 [50545] -> GET /libs/granite/csrf/token.json HTTP/1.1
24/Jul/2020:01:41:02 +0000 [50545] <- 200 application/json 3ms
24/Jul/2020:01:46:02 +0000 [50546] -> GET /libs/granite/csrf/token.json HTTP/1.1
24/Jul/2020:01:46:02 +0000 [50546] <- 200 application/json 3ms
24/Jul/2020:01:51:01 +0000 [50547] -> GET /libs/granite/csrf/token.json HTTP/1.1
24/Jul/2020:01:51:01 +0000 [50547] <- 200 application/json 3ms
24/Jul/2020:01:56:02 +0000 [50548] -> GET /libs/granite/csrf/token.json HTTP/1.1
24/Jul/2020:01:56:02 +0000 [50548] <- 200 application/json 3ms
24/Jul/2020:02:01:02 +0000 [50549] -> GET /libs/granite/csrf/token.json HTTP/1.1
24/Jul/2020:02:01:02 +0000 [50549] <- 200 application/json 3ms
24/Jul/2020:02:06:02 +0000 [5011] -> GET /libs/granite/csrf/token.json HTTP/1.1
24/Jul/2020:02:06:02 +0000 [5011] <- 200 application/json 3ms
24/Jul/2020:02:11:02 +0000 [5011] -> GET /libs/granite/csrf/token.json HTTP/1.1
24/Jul/2020:02:11:02 +0000 [5011] <- 200 application/json 3ms
24/Jul/2020:02:13:22 +0000 [5011] -> GET /editor.html/content/www/us/en/support/products/873.html HTTP/1.1
24/Jul/2020:02:13:23 +0000 [5011] <- 200 text/html;charset=utf-8 10597s
24/Jul/2020:02:13:25 +0000 [5011] -> GET /libs/granite/csrf/token.json HTTP/1.1
24/Jul/2020:02:13:25 +0000 [5011] <- 200 application/json 8ms
24/Jul/2020:02:13:26 +0000 [5011] -> GET /etc.clientlibs/settings/wcm/clientlibs/ver/6.8.1330/foundation/jquery.min.js HTTP/1.1
24/Jul/2020:02:13:26 +0000 [5011] <- 200 application/javascript 5ms
24/Jul/2020:02:13:26 +0000 [5011] -> GET /etc.clientlibs/foundation/clientlibs/jquery.min.js HTTP/1.1
24/Jul/2020:02:13:26 +0000 [5011] <- 200 application/javascript 5ms
24/Jul/2020:02:13:26 +0000 [5011] -> GET /etc.clientlibs/foundation/clientlibs/shared.min.js HTTP/1.1
24/Jul/2020:02:13:26 +0000 [5011] <- 200 application/javascript 4ms
24/Jul/2020:02:13:26 +0000 [5011] -> GET /etc.clientlibs/acs-commons/authoring/granite-select-filter.min.js HTTP/1.1
24/Jul/2020:02:13:26 +0000 [5011] -> GET /etc.clientlibs/clientlibs/social/thirdparty/handlebars.min.js HTTP/1.1
24/Jul/2020:02:13:26 +0000 [5011] -> GET /etc.clientlibs/screens/clientlibs/vendor/es6-promise.min.js HTTP/1.1
24/Jul/2020:02:13:26 +0000 [50560] -> GET /etc.clientlibs/screens/clientlibs/vendor/later.min.js HTTP/1.1
24/Jul/2020:02:13:26 +0000 [5011] <- 200 application/javascript 6ms
24/Jul/2020:02:13:26 +0000 [5011] <- 200 application/javascript 6ms
24/Jul/2020:02:13:26 +0000 [50560] <- 200 application/javascript 7ms
24/Jul/2020:02:13:26 +0000 [5011] <- 200 application/javascript 10ms
24/Jul/2020:02:13:26 +0000 [50561] -> GET /etc.clientlibs/foundation/clientlibs/jquery-ui.min.js HTTP/1.1
24/Jul/2020:02:13:26 +0000 [50561] <- 200 application/javascript 7ms
24/Jul/2020:02:13:26 +0000 [50562] -> GET /editor.html/content/www/us/en/support/products/873.html HTTP/1.1
24/Jul/2020:02:13:27 +0000 [50562] <- 200 text/html;charset=utf-8 8597s
24/Jul/2020:02:13:28 +0000 [50563] -> GET /libs/granite/csrf/token.json HTTP/1.1
24/Jul/2020:02:13:28 +0000 [50563] <- 200 application/json 5ms
24/Jul/2020:02:13:28 +0000 [50564] -> GET /content/www/us/en/support/products/873.html HTTP/1.1
24/Jul/2020:02:13:29 +0000 [50565] -> GET /etc.clientlibs/clientlibs/granite/coralui3/resources/coralui-component-icon/testtallerSpectrumIcons24.woff2?b750bfd862e4ef0daea700228de3e788 HTTP/1.1
24/Jul/2020:02:13:29 +0000 [50566] -> GET /etc.clientlibs/clientlibs/granite/coralui3/resources/coralui-component-icon/testtallerSpectrumIcons18.woff2?651453a29a2cf87546cdc6215616731e HTTP/1.1
24/Jul/2020:02:13:29 +0000 [50565] <- 200 application/octet-stream 22ms
24/Jul/2020:02:13:29 +0000 [50566] <- 200 application/octet-stream 21ms
24/Jul/2020:02:13:37 +0000 [50564] <- 200 text/html 8777ms
24/Jul/2020:02:13:37 +0000 [50567] -> GET /etc.clientlibs/settings/wcm/designs/ver/6.8.1330/testtaller/global/js/resources/performance-config.js HTTP/1.1
24/Jul/2020:02:13:37 +0000 [50567] <- 200 application/javascript 5ms
24/Jul/2020:02:13:37 +0000 [505597 -> GET /etc.clientlibs/settings/wcm/designs/ver/6.8.1330/testtaller/clientlibs/pages/testc-core.min.css HTTP/1.1
24/Jul/2020:02:13:37 +0000 [505597 <- 200 text/css 11ms
24/Jul/2020:02:13:37 +0000 [50569] -> GET /etc.clientlibs/settings/wcm/designs/ver/6.8.1330/testtaller/clientlibs/pages/commons-page.min.css HTTP/1.1
24/Jul/2020:02:13:37 +0000 [50570] -> GET /etc.clientlibs/settings/wcm/designs/ver/6.8.1330/testtaller/clientlibs/pages/testc-core.min.js HTTP/1.1
24/Jul/2020:02:13:37 +0000 [50569] <- 200 text/css 19ms
24/Jul/2020:02:13:37 +0000 [50571] -> GET /etc.clientlibs/settings/wcm/designs/ver/6.8.1330/testtaller/clientlibs/pages/commons-page.min.js HTTP/1.1
24/Jul/2020:02:13:37 +0000 [50570] <- 200 application/javascript 11ms
24/Jul/2020:02:13:37 +0000 [50572] -> GET /etc.clientlibs/settings/wcm/designs/testtaller/us/en/css/resources/css/testtaller.rwd.override.css HTTP/1.1
24/Jul/2020:02:13:37 +0000 [50572] <- 200 text/css 4ms
24/Jul/2020:02:13:37 +0000 [50573] -> GET /etc.clientlibs/settings/wcm/designs/ver/6.8.1330/testtaller/clientlibs/pages/commons-editMode.min.css HTTP/1.1
24/Jul/2020:02:13:37 +0000 [50573] <- 200 text/css 4ms
24/Jul/2020:02:13:37 +0000 [50574] -> GET /etc.clientlibs/settings/wcm/designs/ver/6.8.1330/testtaller/clientlibs/pages/commons-editMode.min.js HTTP/1.1
24/Jul/2020:02:13:37 +0000 [50574] <- 200 application/javascript 6ms
24/Jul/2020:02:13:38 +0000 [50571] <- 200 application/javascript 86ms
24/Jul/2020:02:13:38 +0000 [50575] -> GET /etc.clientlibs/settings/wcm/designs/ver/6.8.1330/testtaller/clientlibs/pages/nav.min.css HTTP/1.1
24/Jul/2020:02:13:38 +0000 [50576] -> GET /etc.clientlibs/settings/wcm/designs/testtaller/clientlibs/supportLibs.min.css HTTP/1.1
24/Jul/2020:02:13:38 +0000 [50575] <- 200 text/css 5ms
24/Jul/2020:02:13:38 +0000 [50576] <- 200 text/css 29ms
24/Jul/2020:02:13:38 +0000 [50578] -> GET /etc.clientlibs/settings/wcm/designs/ver/6.8.1330/testtaller/clientlibs/angular.min.js HTTP/1.1
24/Jul/2020:02:13:38 +0000 [50577] -> GET /etc.clientlibs/settings/wcm/designs/testtaller/clientlibs/supportLibs.min.js HTTP/1.1
24/Jul/2020:02:13:38 +0000 [50578] <- 200 application/javascript 15ms
24/Jul/2020:02:13:38 +0000 [50577] <- 200 application/javascript 25ms
24/Jul/2020:02:13:38 +0000 [50579] -> GET /libs/granite/csrf/token.json HTTP/1.1
24/Jul/2020:02:13:38 +0000 [50579] <- 200 application/json 4ms
24/Jul/2020:02:13:38 +0000 [50580] -> GET /etc.clientlibs/settings/wcm/designs/ver/6.8.1330/testtaller/clientlibs/pages/nav.min.js HTTP/1.1
24/Jul/2020:02:13:38 +0000 [50580] <- 200 application/javascript 5ms
24/Jul/2020:02:13:38 +0000 [50581] -> GET /content/dam/support/global/images/icon/icon-idsa-downloadsblade.png HTTP/1.1
24/Jul/2020:02:13:38 +0000 [50582] -> GET /etc.clientlibs/settings/wcm/designs/ver/6.8.1330/testtaller/clientlibs/supportLibs/resources/images/support/help-icon@2x.png HTTP/1.1
24/Jul/2020:02:13:38 +0000 [50583] -> GET /etc.clientlibs/cq/personalization/clientlib/personalization/jcarousel.min.js HTTP/1.1
24/Jul/2020:02:13:38 +0000 [50584] -> GET /etc.clientlibs/cq/personalization/clientlib/personalization/jcarousel.min.css HTTP/1.1
24/Jul/2020:02:13:39 +0000 [50582] <- 200 image/png 79ms
24/Jul/2020:02:13:39 +0000 [50585] -> GET /etc.clientlibs/cq/personalization/clientlib/personalization/ui.min.js HTTP/1.1
24/Jul/2020:02:13:39 +0000 [50584] <- 200 text/css 76ms
24/Jul/2020:02:13:39 +0000 [50586] -> GET /etc.clientlibs/cq/personalization/clientlib/personalization/select2.min.js HTTP/1.1
24/Jul/2020:02:13:39 +0000 [50583] <- 200 application/javascript 83ms
24/Jul/2020:02:13:39 +0000 [50587] -> GET /etc.clientlibs/cq/personalization/clientlib/personalization/select2.min.css HTTP/1.1
24/Jul/2020:02:13:39 +0000 [50586] <- 200 application/javascript 11ms
24/Jul/2020:02:13:39 +0000 [50585] <- 200 application/javascript 13ms
24/Jul/2020:02:13:39 +0000 [50587] <- 200 text/css 10ms
24/Jul/2020:02:13:39 +0000 [50581] <- 200 image/png 115ms
24/Jul/2020:02:13:39 +0000 [50588] -> GET /etc.clientlibs/settings/wcm/designs/ver/6.8.1330/testtaller/clientlibs/supportLibs/resources/images/support/feedback-icon@2x.png HTTP/1.1
24/Jul/2020:02:13:39 +0000 [50589] -> GET /etc.clientlibs/settings/wcm/designs/ver/6.8.1330/testtaller/us/en/Fonts/resources/testtaller-clear-latin.woff2 HTTP/1.1
24/Jul/2020:02:13:39 +0000 [50588] <- 200 image/png 5ms
24/Jul/2020:02:13:39 +0000 [50589] <- 200 application/octet-stream 4ms
24/Jul/2020:02:13:39 +0000 [50590] -> GET /libs/cq/security/userinfo.json?cq_ck=159115979050 HTTP/1.1
24/Jul/2020:02:13:39 +0000 [50590] <- 200 application/json 6ms
24/Jul/2020:02:13:39 +0000 [50591] -> GET /etc.clientlibs/settings/wcm/designs/testtaller/clientlibs/pages/commons-page/resources/html/idamFormStaticSimplify.html HTTP/1.1
24/Jul/2020:02:13:39 +0000 [50592] -> GET /etc.clientlibs/settings/wcm/designs/ver/6.8.1330/testtaller/us/en/Fonts/resources/testtaller-clear-latin.woff HTTP/1.1
24/Jul/2020:02:13:39 +0000 [50592] <- 200 application/x-font-woff 3ms
24/Jul/2020:02:13:39 +0000 [50591] <- 200 text/html 18ms
24/Jul/2020:02:13:39 +0000 [50593] -> GET /etc.clientlibs/settings/wcm/designs/ver/6.8.1330/testtaller/clientlibs/pages/nav/resources/images/testtaller-logo-white.svg HTTP/1.1
24/Jul/2020:02:13:39 +0000 [50593] <- 200 image/svg+xml 4ms
24/Jul/2020:02:13:39 +0000 [50594] -> GET /content/dam/support/global/images/masthead-backgrounds/support-home-gradient-v52.jpg HTTP/1.1
24/Jul/2020:02:13:39 +0000 [50595] -> GET /etc.clientlibs/settings/wcm/designs/testtaller/us/en/Fonts/resources/testtaller-clear-latin.woff2 HTTP/1.1
24/Jul/2020:02:13:39 +0000 [50595] <- 200 application/octet-stream 4ms
24/Jul/2020:02:13:39 +0000 [50594] <- 200 image/jpeg 24ms
24/Jul/2020:02:13:39 +0000 [50596] -> GET /content/data/globalelements/US/en/globalnav4.newnav.html HTTP/1.1
24/Jul/2020:02:13:39 +0000 [50597] -> GET /content/data/globalelements/US/en/sitewide-banner-placeholder.out.html?referralPath=/content/www/us/en/support/products/873 HTTP/1.1
24/Jul/2020:02:13:39 +0000 [50598] -> GET /etc/segmentation.segment.js HTTP/1.1
24/Jul/2020:02:13:39 +0000 [50598] <- 200 application/x-javascript;charset=utf-8 8ms
24/Jul/2020:02:13:39 +0000 [50599] -> GET /etc/clientcontext/testtaller/content/jcr:content/stores.init.js?path=%2Fcontent%2Fwww%2Fus%2Fen%2Fsupport%2Fproducts%2F873&_=159115978317 HTTP/1.1
24/Jul/2020:02:13:39 +0000 [50597] <- 200 text/html 74ms
24/Jul/2020:02:13:39 +0000 [50599] <- 200 text/javascript 74ms
24/Jul/2020:02:13:39 +0000 [50600] -> GET /content/data/globalcontent/US/en/support/spt-notifications-config/_jcr_content.dataentry.json HTTP/1.1
24/Jul/2020:02:13:39 +0000 [50596] <- 200 text/html 145ms
24/Jul/2020:02:13:39 +0000 [50600] <- 200 application/json 148ms
24/Jul/2020:02:13:39 +0000 [50601] -> GET /etc.clientlibs/settings/wcm/designs/ver/6.8.1330/testtaller/clientlibs/pages/commons-page/resources/images/sprite-with-gray-icons.png HTTP/1.1
24/Jul/2020:02:13:39 +0000 [50601] <- 200 image/png 4ms
24/Jul/2020:02:13:39 +0000 [50602] -> GET /etc.clientlibs/settings/wcm/designs/ver/6.8.1330/testtaller/clientlibs/pages/site-global-icons/resources/font/site-global-icons.woff2?99669739 HTTP/1.1
24/Jul/2020:02:13:40 +0000 [50602] <- 200 application/octet-stream 4ms
24/Jul/2020:02:13:40 +0000 [50603] -> GET /etc.clientlibs/settings/wcm/designs/testtaller/us/en/Fonts/resources/testtaller-clear-latin-bold.woff2 HTTP/1.1
24/Jul/2020:02:13:40 +0000 [50603] <- 200 application/octet-stream 4ms
24/Jul/2020:02:13:40 +0000 [50604] -> GET /libs/apps/testtaller/mytesttaller/mytesttallermenulinks.json?jsonp=handleBarTemplateCallBack&currentPagePath=/content/www/us/en/homepage HTTP/1.1
24/Jul/2020:02:13:40 +0000 [50604] <- 200 application/json 18ms
24/Jul/2020:02:13:40 +0000 [50605] -> GET /etc.clientlibs/settings/wcm/designs/testtaller/us/en/Fonts/resources/testtaller-clear-latin-lite.woff2 HTTP/1.1
24/Jul/2020:02:13:40 +0000 [50606] -> GET /etc.clientlibs/settings/wcm/designs/testtaller/clientlibs/supportLibs/resources/webfonts/fa-light-300.woff2 HTTP/1.1
24/Jul/2020:02:13:40 +0000 [50605] <- 200 application/octet-stream 4ms
24/Jul/2020:02:13:40 +0000 [50607] -> GET /etc.clientlibs/settings/wcm/designs/testtaller/clientlibs/supportLibs/resources/webfonts/fa-solid-900.woff2 HTTP/1.1
24/Jul/2020:02:13:40 +0000 [50606] <- 200 application/octet-stream 15ms
24/Jul/2020:02:13:40 +0000 [50608] -> GET /etc.clientlibs/settings/wcm/designs/testtaller/clientlibs/supportLibs/resources/webfonts/fa-regular-400.woff2 HTTP/1.1
24/Jul/2020:02:13:40 +0000 [50607] <- 200 application/octet-stream 14ms
24/Jul/2020:02:13:40 +0000 [50609] -> GET /etc.clientlibs/settings/wcm/designs/testtaller/us/en/Fonts/resources/testtaller-clear-latin-italic.woff2 HTTP/1.1
24/Jul/2020:02:13:40 +0000 [50609] <- 200 application/octet-stream 4ms
24/Jul/2020:02:13:40 +0000 [50608] <- 200 application/octet-stream 18ms
24/Jul/2020:02:13:40 +0000 [50610] -> GET /etc.clientlibs/settings/wcm/designs/testtaller/us/en/Fonts/resources/testtaller-clear-latin.woff HTTP/1.1
24/Jul/2020:02:13:40 +0000 [50610] <- 200 application/x-font-woff 4ms
24/Jul/2020:02:13:40 +0000 [50611] -> GET /libs/apps/testtaller/mytesttaller/agsroles.json?jsonp=myToolsCallBack&callback=jQuery112407730908054390144_159115978319&_=159115978320 HTTP/1.1
24/Jul/2020:02:13:40 +0000 [50611] <- 200 - 4ms
24/Jul/2020:02:13:40 +0000 [50612] -> GET /etc.clientlibs/settings/wcm/designs/testtaller/clientlibs/supportLibs/resources/webfonts/fa-regular-400.woff HTTP/1.1
24/Jul/2020:02:13:40 +0000 [50612] <- 200 application/x-font-woff 19ms
24/Jul/2020:02:13:40 +0000 [50613] -> GET /libs/wcm/core/content/pageinfo.json?path=%2Fcontent%2Fwww%2Fus%2Fen%2Fsupport%2Fproducts%2F873&_charset_=UTF-8&_=159115977843 HTTP/1.1
24/Jul/2020:02:13:40 +0000 [50614] -> GET /libs/cq/personalization/touch-ui/content/targeteditor.html?_=159115977844 HTTP/1.1
24/Jul/2020:02:13:41 +0000 [50615] -> GET /etc.clientlibs/settings/wcm/designs/ver/6.8.1330/testtaller/default/resources/favicon.ico HTTP/1.1
24/Jul/2020:02:13:41 +0000 [50615] <- 200 image/vnd.microsoft.icon 4ms
24/Jul/2020:02:13:41 +0000 [50616] -> GET /mnt/override/libs/cq/activitymap/content/settings.json?path=/content/www/us/en/support/products/873&_=159115977845 HTTP/1.1
24/Jul/2020:02:13:41 +0000 [50616] <- 301 text/html 15ms
24/Jul/2020:02:13:41 +0000 [50613] <- 200 application/json 287ms
24/Jul/2020:02:13:42 +0000 [50614] <- 200 text/html 1487ms
24/Jul/2020:02:13:43 +0000 [50617] -> GET /etc/designs/default/_jcr_content.1595439920042.json?_=159115977846 HTTP/1.1
24/Jul/2020:02:13:43 +0000 [50617] <- 200 application/json 249ms
24/Jul/2020:02:13:43 +0000 [50618] -> GET /content/www/us/en/support/products/873.targetingconfig.json?_=159115977847 HTTP/1.1
24/Jul/2020:02:13:43 +0000 [50618] <- 200 application/json;charset=UTF-8 254ms
24/Jul/2020:02:13:45 +0000 [50619] -> GET /resource-status/editor/content/www/us/en/support/products/873.1.json?_=159115977848 HTTP/1.1
24/Jul/2020:02:13:45 +0000 [50619] <- 200 application/json 169ms
24/Jul/2020:02:13:45 +0000 [50620] -> GET /content/www/us/en/support/products/873.msm.conf?_=159115977849 HTTP/1.1
24/Jul/2020:02:13:45 +0000 [50620] <- 200 application/json 4ms
24/Jul/2020:02:13:45 +0000 [50621] -> GET /libs/wcm/msm/content/touch-ui/authoring/rolloutoptions.html?_=159115977850 HTTP/1.1
24/Jul/2020:02:13:45 +0000 [50621] <- 200 text/html 12ms
24/Jul/2020:02:13:45 +0000 [50622] -> GET /mnt/overlay/wcm/core/content/editor/onboarding.html?_=159115977851 HTTP/1.1
24/Jul/2020:02:13:45 +0000 [50622] <- 200 text/html 28ms
24/Jul/2020:02:13:46 +0000 [50623] -> GET /etc.clientlibs/clientlibs/granite/coralui3/resources/components/icon/testtallerIcons.woff?272cfe83bfd86bced07a76f8d09e3c34 HTTP/1.1
24/Jul/2020:02:13:46 +0000 [50623] <- 200 application/x-font-woff 4ms
24/Jul/2020:02:14:05 +0000 [50624] -> POST /home/users/c/c7gHy6K6kAWhk1Rf5e9u/preferences HTTP/1.1
24/Jul/2020:02:14:05 +0000 [50625] -> POST /home/users/c/c7gHy6K6kAWhk1Rf5e9u/preferences HTTP/1.1
24/Jul/2020:02:14:05 +0000 [50624] <- 201 text/html 10ms
24/Jul/2020:02:14:05 +0000 [50625] <- 200 text/html 9ms
24/Jul/2020:02:14:24 +0000 [50626] -> GET /etc.clientlibs/settings/wcm/designs/testtaller/clientlibs/supportLibs/resources/images/support/yes-no-sprite.png HTTP/1.1
24/Jul/2020:02:14:24 +0000 [50626] <- 200 image/png 4ms
